[2020-07-15T12:05:10.828] [DEBUG] Server - listening on port 3000
[2020-07-15T12:07:11.751] [DEBUG] Server - Got body: {
  amount: '100',
  status: 'success',
  buyer: 'harvinder.singh@globalmantrai.com',
  currency: 'INR',
  longurl: 'https://test.instamojo.com/@harvinder_singh/ac8bfaac7a5846599bcf3987ea8a4c20',
  purpose: 'advertising',
  buyer_name: 'harvinder Singh'
}
[2020-07-15T12:07:15.716] [DEBUG] Server - Got body: {
  amount: '100',
  status: 'success',
  buyer: 'harvinder.singh@globalmantrai.com',
  currency: 'INR',
  longurl: 'https://test.instamojo.com/@harvinder_singh/ac8bfaac7a5846599bcf3987ea8a4c20',
  purpose: 'advertising',
  buyer_name: 'harvinder Singh'
}
[2020-07-15T12:07:34.213] [DEBUG] Server - Got body: {
  amount: '100',
  status: 'success',
  buyer: 'harvinder.singh@globalmantrai.com',
  currency: 'INR',
  longurl: 'https://test.instamojo.com/@harvinder_singh/ac8bfaac7a5846599bcf3987ea8a4c20',
  purpose: 'advertising',
  buyer_name: 'harvinder Singh'
}
[2020-07-15T12:07:58.610] [DEBUG] Server - listening on port 3000
[2020-07-15T12:08:02.438] [DEBUG] Server - Got body: {
  amount: '100',
  status: 'success',
  buyer: 'harvinder.singh@globalmantrai.com',
  currency: 'INR',
  longurl: 'https://test.instamojo.com/@harvinder_singh/ac8bfaac7a5846599bcf3987ea8a4c20',
  purpose: 'advertising',
  buyer_name: 'harvinder Singh'
}
[2020-07-15T12:08:05.985] [DEBUG] Server - Got body: {
  amount: '100',
  status: 'success',
  buyer: 'harvinder.singh@globalmantrai.com',
  currency: 'INR',
  longurl: 'https://test.instamojo.com/@harvinder_singh/ac8bfaac7a5846599bcf3987ea8a4c20',
  purpose: 'advertising',
  buyer_name: 'harvinder Singh'
}
[2020-07-31T13:03:31.923] [DEBUG] Server - listening on port 3000
[2020-07-31T16:35:36.467] [DEBUG] Server - listening on port 3000
[2020-07-31T16:36:43.987] [DEBUG] Server - listening on port 3000
[2020-07-31T16:37:23.649] [DEBUG] Server - listening on port 3000
[2020-07-31T16:40:02.459] [DEBUG] Server - listening on port 3000
[2020-07-31T16:41:19.347] [DEBUG] Server - listening on port 3000
[2020-07-31T16:43:02.041] [DEBUG] Server - listening on port 3000
[2020-07-31T16:53:21.536] [DEBUG] Server - listening on port 3000
[2020-07-31T16:55:27.422] [DEBUG] Server - listening on port 3000
[2020-07-31T16:57:01.679] [DEBUG] Server - listening on port 3000
[2020-07-31T16:58:24.242] [DEBUG] Server - listening on port 3000
[2020-07-31T16:59:16.605] [DEBUG] Server - listening on port 3000
[2020-07-31T17:00:34.440] [DEBUG] Server - listening on port 3000
[2020-07-31T17:00:46.638] [DEBUG] Server - listening on port 3000
[2020-07-31T17:01:42.443] [DEBUG] Server - listening on port 3000
[2020-07-31T17:03:24.449] [DEBUG] Server - listening on port 3000
[2020-07-31T17:05:19.736] [DEBUG] Server - listening on port 3000
[2020-07-31T17:06:20.492] [DEBUG] Server - listening on port 3000
[2020-07-31T17:08:08.428] [DEBUG] Server - listening on port 3000
[2020-07-31T17:09:20.907] [DEBUG] Server - listening on port 3000
[2020-07-31T17:34:12.427] [DEBUG] Server - listening on port 3000
[2020-07-31T17:36:51.218] [DEBUG] Server - listening on port 3000
[2020-07-31T17:38:13.692] [DEBUG] Server - listening on port 3000
[2020-07-31T17:39:27.932] [DEBUG] Server - listening on port 3000
[2020-07-31T17:46:00.877] [DEBUG] Server - listening on port 3000
[2020-07-31T17:47:31.842] [DEBUG] Server - listening on port 3000
[2020-07-31T17:48:49.804] [DEBUG] Server - listening on port 3000
[2020-07-31T17:57:51.942] [DEBUG] Server - listening on port 3000
[2020-07-31T18:04:20.784] [DEBUG] Server - listening on port 3000
[2020-07-31T18:08:47.586] [DEBUG] Server - listening on port 3000
[2020-07-31T18:11:02.805] [DEBUG] Server - listening on port 3000
[2020-07-31T18:13:01.883] [DEBUG] Server - listening on port 3000
[2020-07-31T18:14:07.968] [DEBUG] Server - listening on port 3000
[2020-07-31T18:15:10.899] [DEBUG] Server - listening on port 3000
[2020-07-31T18:16:19.195] [DEBUG] Server - listening on port 3000
[2020-07-31T18:17:21.694] [DEBUG] Server - listening on port 3000
[2020-07-31T18:24:01.710] [DEBUG] Server - listening on port 3000
[2020-07-31T18:36:30.186] [DEBUG] Server - listening on port 3000
[2020-07-31T18:39:10.137] [DEBUG] Server - listening on port 3000
[2020-07-31T18:41:15.305] [DEBUG] Server - listening on port 3000
[2020-07-31T18:43:24.035] [DEBUG] Server - listening on port 3000
[2020-07-31T18:47:39.777] [DEBUG] Server - listening on port 3000
[2020-07-31T18:48:46.490] [DEBUG] Server - listening on port 3000
[2020-07-31T18:51:12.315] [DEBUG] Server - listening on port 3000
[2020-07-31T18:53:23.472] [DEBUG] Server - listening on port 3000
[2020-07-31T19:00:30.706] [DEBUG] Server - listening on port 3000
[2020-07-31T19:16:46.689] [DEBUG] Server - listening on port 3000
[2020-07-31T19:42:49.187] [DEBUG] Server - listening on port 3000
[2020-08-03T17:31:24.092] [DEBUG] Server - listening on port 3000
[2020-08-03T20:07:49.289] [DEBUG] Server - listening on port 3000
[2020-08-03T20:15:41.256] [DEBUG] Server - listening on port 3000
[2020-08-03T20:15:49.076] [DEBUG] Server - listening on port 3000
[2020-08-06T13:29:16.799] [DEBUG] Server - listening on port 3000
[2020-08-06T13:31:32.614] [DEBUG] Server - listening on port 3000
[2020-08-06T13:44:36.662] [DEBUG] Server - listening on port 3000
[2020-08-06T13:47:05.953] [DEBUG] Server - listening on port 3000
[2020-08-06T13:48:15.838] [DEBUG] Server - listening on port 3000
[2020-08-06T13:49:51.479] [DEBUG] Server - listening on port 3000
[2020-08-06T13:51:56.189] [DEBUG] Server - listening on port 3000
[2020-08-06T13:53:28.969] [DEBUG] Server - listening on port 3000
[2020-08-06T13:53:35.049] [DEBUG] Server - listening on port 3000
[2020-08-06T15:19:36.511] [DEBUG] Server - listening on port 3000
[2020-08-06T15:22:12.793] [DEBUG] Server - listening on port 3000
[2020-08-06T15:25:41.293] [DEBUG] Server - listening on port 3000
[2020-08-06T15:31:06.026] [DEBUG] Server - listening on port 3000
[2020-08-06T15:31:30.891] [DEBUG] Server - listening on port 3000
[2020-08-06T15:33:17.983] [DEBUG] Server - listening on port 3000
[2020-08-06T16:35:06.749] [DEBUG] Server - listening on port 3000
[2020-08-06T16:37:50.902] [DEBUG] Server - listening on port 3000
[2020-08-06T16:38:57.634] [DEBUG] Server - listening on port 3000
[2020-08-06T17:30:28.207] [DEBUG] Server - listening on port 3000
[2020-08-06T19:33:15.320] [DEBUG] Server - listening on port 3000
[2020-08-06T19:46:29.391] [DEBUG] Server - listening on port 3000
[2020-08-06T19:48:43.337] [DEBUG] Server - listening on port 3000
[2020-08-06T19:53:30.555] [DEBUG] Server - listening on port 3000
[2020-08-06T19:58:04.401] [DEBUG] Server - listening on port 3000
[2020-08-06T19:59:28.221] [DEBUG] Server - listening on port 3000
[2020-08-06T20:11:41.656] [DEBUG] Server - listening on port 3000
[2020-08-06T20:13:18.396] [DEBUG] Server - listening on port 3000
[2020-08-06T20:20:50.540] [DEBUG] Server - listening on port 3000
[2020-08-06T20:27:56.851] [DEBUG] Server - listening on port 3000
[2020-08-06T20:29:38.153] [DEBUG] Server - listening on port 3000
[2020-08-06T20:31:10.262] [DEBUG] Server - listening on port 3000
[2020-08-06T20:32:07.790] [DEBUG] Server - listening on port 3000
[2020-08-06T20:33:15.520] [DEBUG] Server - listening on port 3000
[2020-08-06T20:34:17.051] [DEBUG] Server - listening on port 3000
[2020-08-06T20:35:15.697] [DEBUG] Server - listening on port 3000
[2020-08-06T20:44:10.100] [DEBUG] Server - listening on port 3000
[2020-08-06T20:44:49.755] [DEBUG] Server - listening on port 3000
[2020-08-06T20:45:55.457] [DEBUG] Server - listening on port 3000
[2020-08-06T20:47:07.945] [DEBUG] Server - listening on port 3000
[2020-08-06T20:47:55.708] [DEBUG] Server - listening on port 3000
[2020-08-06T20:50:09.648] [DEBUG] Server - listening on port 3000
[2020-08-06T20:57:13.572] [DEBUG] Server - listening on port 3000
[2020-08-06T21:00:15.070] [DEBUG] Server - listening on port 3000
[2020-08-06T21:01:16.493] [DEBUG] Server - listening on port 3000
[2020-08-06T21:01:29.562] [DEBUG] Server - listening on port 3000
[2020-08-06T21:04:31.339] [DEBUG] Server - listening on port 3000
[2020-08-06T21:08:38.140] [DEBUG] Server - listening on port 3000
